<?xml version="1.0" encoding="UTF-8"?>
<testsuite name="com.example.simple_plugin.ExampleUnitTest" tests="1" skipped="0" failures="0" errors="0" timestamp="2018-11-17T23:01:53" hostname="LAPTOP-25I1OK7K" time="0.001">
  <properties/>
  <testcase name="addition_isCorrect" classname="com.example.simple_plugin.ExampleUnitTest" time="0.001"/>
  <system-out><![CDATA[]]></system-out>
  <system-err><![CDATA[]]></system-err>
</testsuite>
